Arguments: 
  C:\Program Files\nodejs\node.exe C:\Users\19253\AppData\Roaming\npm\node_modules\yarn\bin\yarn.js start

PATH: 
  C:\WINDOWS\system32;C:\WINDOWS;C:\WINDOWS\System32\Wbem;C:\WINDOWS\System32\WindowsPowerShell\v1.0\;C:\WINDOWS\System32\OpenSSH\;C:\Program Files\nodejs\;C:\Users\19253\AppData\Local\Microsoft\WindowsApps;C:\Users\19253\AppData\Roaming\npm;C:\Users\19253\AppData\Local\Programs\Git\cmd;C:\Users\19253\AppData\Local\Programs\Microsoft VS Code\bin

Yarn version: 
  1.22.19

Node version: 
  18.14.2

Platform: 
  win32 x64

Trace: 
  SyntaxError: D:\srini\reactnative\FoodApp\package.json: Unexpected token } in JSON at position 1084
      at JSON.parse (<anonymous>)
      at C:\Users\19253\AppData\Roaming\npm\node_modules\yarn\lib\cli.js:1629:59
      at Generator.next (<anonymous>)
      at step (C:\Users\19253\AppData\Roaming\npm\node_modules\yarn\lib\cli.js:310:30)
      at C:\Users\19253\AppData\Roaming\npm\node_modules\yarn\lib\cli.js:321:13

npm manifest: 
  {
    "name": "foodapp",
    "version": "1.0.0",
    "main": "node_modules/expo/AppEntry.js",
    "scripts": {
      "start": "expo start",
      "android": "expo start --android",
      "ios": "expo start --ios",
      "web": "expo start --web"
    },
    "dependencies": {
      "@expo/webpack-config": "^18.0.1",
      "@react-navigation/native": "^6.1.6",
      "@react-navigation/native-stack": "^6.9.12",
      "@reduxjs/toolkit": "^1.9.3",
      "@sanity/client": "^5.2.2",
      "@sanity/image-url": "^1.0.2",
      "expo": "~48.0.6",
      "expo-status-bar": "~1.4.4",
      "or": "^0.2.0",
      "react": "18.2.0",
      "react-currency-formatter": "^1.1.0",
      "react-dom": "18.2.0",
      "react-native": "0.71.3",
      "react-native-animatable": "^1.3.3",
      "react-native-heroicons": "^3.2.0",
      "react-native-navigation": "^7.32.1",
      "react-native-progress": "^5.0.0",
      "react-native-safe-area-context": "4.5.0",
      "react-native-screens": "~3.20.0",
      "react-native-svg": "13.4.0",
      "react-native-toast-message": "^2.1.6",
      "react-redux": "^8.0.5",
      "tailwindcss-react-native": "^1.7.10",
    },
    "devDependencies": {
      "@babel/core": "^7.20.0",
      "tailwindcss": "^3.2.7"
    },
    "private": true
  }

yarn manifest: 
  No manifest

Lockfile: 
  No lockfile
